<?xml version="1.0" encoding="UTF-8"?>
<!-- Generated by org.testng.reporters.JUnitXMLReporter -->
<testsuite hostname="DESKTOP-J6Q9SVB" ignored="0" name="Test" tests="6" failures="0" timestamp="14 Dec 2020 07:21:37 GMT" time="0.171" errors="0">
  <testcase name="Testcase2" time="0.038" classname="org.test1.B"/>
  <testcase name="Testcase3" time="0.038" classname="org.test1.C"/>
  <testcase name="Testcase1" time="0.038" classname="org.test1.A"/>
  <testcase name="Testcase33" time="0.012" classname="org.test1.C"/>
  <testcase name="Testcase22" time="0.019" classname="org.test1.B"/>
  <testcase name="Testcase11" time="0.018" classname="org.test1.A"/>
</testsuite> <!-- Test -->
