<?xml version="1.0" encoding="UTF-8"?>
<testng-results skipped="0" failed="0" ignored="0" total="3" passed="3">
  <reporter-output>
  </reporter-output>
  <suite name="Suite" duration-ms="37025" started-at="2020-12-14T07:49:37Z" finished-at="2020-12-14T07:50:14Z">
    <groups>
    </groups>
    <test name="chrometest" duration-ms="9489" started-at="2020-12-14T07:49:37Z" finished-at="2020-12-14T07:49:46Z">
      <class name="org.test1.A">
        <test-method status="PASS" signature="browserparallel(java.lang.String)[pri:0, instance:org.test1.A@675d3402]" name="browserparallel" duration-ms="9403" started-at="2020-12-14T07:49:37Z" finished-at="2020-12-14T07:49:46Z">
          <params>
            <param index="0">
              <value>
                <![CDATA[Chrome]]>
              </value>
            </param>
          </params>
          <reporter-output>
          </reporter-output>
        </test-method> <!-- browserparallel -->
      </class> <!-- org.test1.A -->
    </test> <!-- chrometest -->
    <test name="Firefoxtest" duration-ms="19991" started-at="2020-12-14T07:49:46Z" finished-at="2020-12-14T07:50:06Z">
      <class name="org.test1.A">
        <test-method status="PASS" signature="browserparallel(java.lang.String)[pri:0, instance:org.test1.A@27efef64]" name="browserparallel" duration-ms="19984" started-at="2020-12-14T07:49:46Z" finished-at="2020-12-14T07:50:06Z">
          <params>
            <param index="0">
              <value>
                <![CDATA[Firefox]]>
              </value>
            </param>
          </params>
          <reporter-output>
          </reporter-output>
        </test-method> <!-- browserparallel -->
      </class> <!-- org.test1.A -->
    </test> <!-- Firefoxtest -->
    <test name="IEtest" duration-ms="7453" started-at="2020-12-14T07:50:06Z" finished-at="2020-12-14T07:50:14Z">
      <class name="org.test1.A">
        <test-method status="PASS" signature="browserparallel(java.lang.String)[pri:0, instance:org.test1.A@42d80b78]" name="browserparallel" duration-ms="7442" started-at="2020-12-14T07:50:06Z" finished-at="2020-12-14T07:50:14Z">
          <params>
            <param index="0">
              <value>
                <![CDATA[IE]]>
              </value>
            </param>
          </params>
          <reporter-output>
          </reporter-output>
        </test-method> <!-- browserparallel -->
      </class> <!-- org.test1.A -->
    </test> <!-- IEtest -->
  </suite> <!-- Suite -->
</testng-results>
